The target system is: Android - 1 - i686
The host system is: Windows - 10.0.19042 - AMD64
Determining if the C compiler works passed with the following output:
Change Dir: D:/code/demo-app/jniutils/.cxx/cmake/release/x86/CMakeFiles/CMakeTmp

Run Build Command:"D:\sdk\cmake\3.10.2.4988404\bin\ninja.exe" "cmTC_69a76"
[1/2] Building C object CMakeFiles/cmTC_69a76.dir/testCCompiler.c.o
[2/2] Linking C executable cmTC_69a76


Detecting C compiler ABI info compiled with the following output:
Change Dir: D:/code/demo-app/jniutils/.cxx/cmake/release/x86/CMakeFiles/CMakeTmp

Run Build Command:"D:\sdk\cmake\3.10.2.4988404\bin\ninja.exe" "cmTC_bff67"
[1/2] Building C object CMakeFiles/cmTC_bff67.dir/CMakeCCompilerABI.c.o
[2/2] Linking C executable cmTC_bff67
Android (7155654, based on r399163b1) clang version 11.0.5 (https://android.googlesource.com/toolchain/llvm-project 87f1315dfbea7c137aa2e6d362dbb457e388158d)
Target: i686-none-linux-android24
Thread model: posix
InstalledDir: D:\sdk\ndk\22.1.7171670\toolchains\llvm\prebuilt\windows-x86_64\bin
Found candidate GCC installation: D:/sdk/ndk/22.1.7171670/toolchains/llvm/prebuilt/windows-x86_64/lib/gcc/i686-linux-android\4.9.x
Found candidate GCC installation: D:/sdk/ndk/22.1.7171670/toolchains/llvm/prebuilt/windows-x86_64/lib/gcc/x86_64-linux-android\4.9.x
Selected GCC installation: D:/sdk/ndk/22.1.7171670/toolchains/llvm/prebuilt/windows-x86_64/lib/gcc/i686-linux-android/4.9.x
Candidate multilib: .;@m32
Selected multilib: .;@m32
 "D:\\sdk\\ndk\\22.1.7171670\\toolchains\\llvm\\prebuilt\\windows-x86_64\\bin\\ld" --sysroot=D:/sdk/ndk/22.1.7171670/toolchains/llvm/prebuilt/windows-x86_64/sysroot -pie -z noexecstack --warn-shared-textrel -z now -z relro --hash-style=gnu --enable-new-dtags --eh-frame-hdr -m elf_i386 -dynamic-linker /system/bin/linker -o cmTC_bff67 "D:/sdk/ndk/22.1.7171670/toolchains/llvm/prebuilt/windows-x86_64/sysroot/usr/lib/i686-linux-android/24\\crtbegin_dynamic.o" "-LD:\\sdk\\ndk\\22.1.7171670\\toolchains\\llvm\\prebuilt\\windows-x86_64\\lib64\\clang\\11.0.5\\lib\\linux\\i386" -LD:/sdk/ndk/22.1.7171670/toolchains/llvm/prebuilt/windows-x86_64/lib/gcc/i686-linux-android/4.9.x -LD:/sdk/ndk/22.1.7171670/toolchains/llvm/prebuilt/windows-x86_64/sysroot/usr/lib/i686-linux-android/24 -LD:/sdk/ndk/22.1.7171670/toolchains/llvm/prebuilt/windows-x86_64/sysroot/usr/lib/i686-linux-android -LD:/sdk/ndk/22.1.7171670/toolchains/llvm/prebuilt/windows-x86_64/lib/gcc/i686-linux-android/4.9.x/../../../../i686-linux-android/lib -LD:/sdk/ndk/22.1.7171670/toolchains/llvm/prebuilt/windows-x86_64/sysroot/usr/lib --exclude-libs libgcc.a --exclude-libs libgcc_real.a --exclude-libs libatomic.a --build-id=sha1 --no-rosegment --fatal-warnings --no-undefined --gc-sections CMakeFiles/cmTC_bff67.dir/CMakeCCompilerABI.c.o -lgcc -ldl -lc -lgcc -ldl "D:/sdk/ndk/22.1.7171670/toolchains/llvm/prebuilt/windows-x86_64/sysroot/usr/lib/i686-linux-android/24\\crtend_android.o"


Parsed C implicit link information from above output:
  link line regex: [^( *|.*[/\])(CMAKE_LINKER-NOTFOUND|CMAKE_LINK_STARTFILE-NOTFOUND|([^/\]+-)?ld|collect2)[^/\]*( |$)]
  ignore line: [Change Dir: D:/code/demo-app/jniutils/.cxx/cmake/release/x86/CMakeFiles/CMakeTmp]
  ignore line: []
  ignore line: [Run Build Command:"D:\sdk\cmake\3.10.2.4988404\bin\ninja.exe" "cmTC_bff67"]
  ignore line: [[1/2] Building C object CMakeFiles/cmTC_bff67.dir/CMakeCCompilerABI.c.o]
  ignore line: [[2/2] Linking C executable cmTC_bff67]
  ignore line: [Android (7155654, based on r399163b1) clang version 11.0.5 (https://android.googlesource.com/toolchain/llvm-project 87f1315dfbea7c137aa2e6d362dbb457e388158d)]
  ignore line: [Target: i686-none-linux-android24]
  ignore line: [Thread model: posix]
  ignore line: [InstalledDir: D:\sdk\ndk\22.1.7171670\toolchains\llvm\prebuilt\windows-x86_64\bin]
  ignore line: [Found candidate GCC installation: D:/sdk/ndk/22.1.7171670/toolchains/llvm/prebuilt/windows-x86_64/lib/gcc/i686-linux-android\4.9.x]
  ignore line: [Found candidate GCC installation: D:/sdk/ndk/22.1.7171670/toolchains/llvm/prebuilt/windows-x86_64/lib/gcc/x86_64-linux-android\4.9.x]
  ignore line: [Selected GCC installation: D:/sdk/ndk/22.1.7171670/toolchains/llvm/prebuilt/windows-x86_64/lib/gcc/i686-linux-android/4.9.x]
  ignore line: [Candidate multilib: .]
  ignore line: [@m32]
  ignore line: [Selected multilib: .]
  ignore line: [@m32]
  link line: [ "D:\\sdk\\ndk\\22.1.7171670\\toolchains\\llvm\\prebuilt\\windows-x86_64\\bin\\ld" --sysroot=D:/sdk/ndk/22.1.7171670/toolchains/llvm/prebuilt/windows-x86_64/sysroot -pie -z noexecstack --warn-shared-textrel -z now -z relro --hash-style=gnu --enable-new-dtags --eh-frame-hdr -m elf_i386 -dynamic-linker /system/bin/linker -o cmTC_bff67 "D:/sdk/ndk/22.1.7171670/toolchains/llvm/prebuilt/windows-x86_64/sysroot/usr/lib/i686-linux-android/24\\crtbegin_dynamic.o" "-LD:\\sdk\\ndk\\22.1.7171670\\toolchains\\llvm\\prebuilt\\windows-x86_64\\lib64\\clang\\11.0.5\\lib\\linux\\i386" -LD:/sdk/ndk/22.1.7171670/toolchains/llvm/prebuilt/windows-x86_64/lib/gcc/i686-linux-android/4.9.x -LD:/sdk/ndk/22.1.7171670/toolchains/llvm/prebuilt/windows-x86_64/sysroot/usr/lib/i686-linux-android/24 -LD:/sdk/ndk/22.1.7171670/toolchains/llvm/prebuilt/windows-x86_64/sysroot/usr/lib/i686-linux-android -LD:/sdk/ndk/22.1.7171670/toolchains/llvm/prebuilt/windows-x86_64/lib/gcc/i686-linux-android/4.9.x/../../../../i686-linux-android/lib -LD:/sdk/ndk/22.1.7171670/toolchains/llvm/prebuilt/windows-x86_64/sysroot/usr/lib --exclude-libs libgcc.a --exclude-libs libgcc_real.a --exclude-libs libatomic.a --build-id=sha1 --no-rosegment --fatal-warnings --no-undefined --gc-sections CMakeFiles/cmTC_bff67.dir/CMakeCCompilerABI.c.o -lgcc -ldl -lc -lgcc -ldl "D:/sdk/ndk/22.1.7171670/toolchains/llvm/prebuilt/windows-x86_64/sysroot/usr/lib/i686-linux-android/24\\crtend_android.o"]
    arg [D:\\sdk\\ndk\\22.1.7171670\\toolchains\\llvm\\prebuilt\\windows-x86_64\\bin\\ld] ==> ignore
    arg [--sysroot=D:/sdk/ndk/22.1.7171670/toolchains/llvm/prebuilt/windows-x86_64/sysroot] ==> ignore
    arg [-pie] ==> ignore
    arg [-znoexecstack] ==> ignore
    arg [--warn-shared-textrel] ==> ignore
    arg [-znow] ==> ignore
    arg [-zrelro] ==> ignore
    arg [--hash-style=gnu] ==> ignore
    arg [--enable-new-dtags] ==> ignore
    arg [--eh-frame-hdr] ==> ignore
    arg [-m] ==> ignore
    arg [elf_i386] ==> ignore
    arg [-dynamic-linker] ==> ignore
    arg [/system/bin/linker] ==> ignore
    arg [-o] ==> ignore
    arg [cmTC_bff67] ==> ignore
    arg [D:/sdk/ndk/22.1.7171670/toolchains/llvm/prebuilt/windows-x86_64/sysroot/usr/lib/i686-linux-android/24\\crtbegin_dynamic.o] ==> ignore
    arg [-LD:\\sdk\\ndk\\22.1.7171670\\toolchains\\llvm\\prebuilt\\windows-x86_64\\lib64\\clang\\11.0.5\\lib\\linux\\i386] ==> dir [D:\\sdk\\ndk\\22.1.7171670\\toolchains\\llvm\\prebuilt\\windows-x86_64\\lib64\\clang\\11.0.5\\lib\\linux\\i386]
    arg [-LD:/sdk/ndk/22.1.7171670/toolchains/llvm/prebuilt/windows-x86_64/lib/gcc/i686-linux-android/4.9.x] ==> dir [D:/sdk/ndk/22.1.7171670/toolchains/llvm/prebuilt/windows-x86_64/lib/gcc/i686-linux-android/4.9.x]
    arg [-LD:/sdk/ndk/22.1.7171670/toolchains/llvm/prebuilt/windows-x86_64/sysroot/usr/lib/i686-linux-android/24] ==> dir [D:/sdk/ndk/22.1.7171670/toolchains/llvm/prebuilt/windows-x86_64/sysroot/usr/lib/i686-linux-android/24]
    arg [-LD:/sdk/ndk/22.1.7171670/toolchains/llvm/prebuilt/windows-x86_64/sysroot/usr/lib/i686-linux-android] ==> dir [D:/sdk/ndk/22.1.7171670/toolchains/llvm/prebuilt/windows-x86_64/sysroot/usr/lib/i686-linux-android]
    arg [-LD:/sdk/ndk/22.1.7171670/toolchains/llvm/prebuilt/windows-x86_64/lib/gcc/i686-linux-android/4.9.x/../../../../i686-linux-android/lib] ==> dir [D:/sdk/ndk/22.1.7171670/toolchains/llvm/prebuilt/windows-x86_64/lib/gcc/i686-linux-android/4.9.x/../../../../i686-linux-android/lib]
    arg [-LD:/sdk/ndk/22.1.7171670/toolchains/llvm/prebuilt/windows-x86_64/sysroot/usr/lib] ==> dir [D:/sdk/ndk/22.1.7171670/toolchains/llvm/prebuilt/windows-x86_64/sysroot/usr/lib]
    arg [--exclude-libs] ==> ignore
    arg [libgcc.a] ==> ignore
    arg [--exclude-libs] ==> ignore
    arg [libgcc_real.a] ==> ignore
    arg [--exclude-libs] ==> ignore
    arg [libatomic.a] ==> ignore
    arg [--build-id=sha1] ==> ignore
    arg [--no-rosegment] ==> ignore
    arg [--fatal-warnings] ==> ignore
    arg [--no-undefined] ==> ignore
    arg [--gc-sections] ==> ignore
    arg [CMakeFiles/cmTC_bff67.dir/CMakeCCompilerABI.c.o] ==> ignore
    arg [-lgcc] ==> lib [gcc]
    arg [-ldl] ==> lib [dl]
    arg [-lc] ==> lib [c]
    arg [-lgcc] ==> lib [gcc]
    arg [-ldl] ==> lib [dl]
    arg [D:/sdk/ndk/22.1.7171670/toolchains/llvm/prebuilt/windows-x86_64/sysroot/usr/lib/i686-linux-android/24\\crtend_android.o] ==> ignore
  collapse library dir [D:\\sdk\\ndk\\22.1.7171670\\toolchains\\llvm\\prebuilt\\windows-x86_64\\lib64\\clang\\11.0.5\\lib\\linux\\i386] ==> [D:/sdk/ndk/22.1.7171670/toolchains/llvm/prebuilt/windows-x86_64/lib64/clang/11.0.5/lib/linux/i386]
  collapse library dir [D:/sdk/ndk/22.1.7171670/toolchains/llvm/prebuilt/windows-x86_64/lib/gcc/i686-linux-android/4.9.x] ==> [D:/sdk/ndk/22.1.7171670/toolchains/llvm/prebuilt/windows-x86_64/lib/gcc/i686-linux-android/4.9.x]
  collapse library dir [D:/sdk/ndk/22.1.7171670/toolchains/llvm/prebuilt/windows-x86_64/sysroot/usr/lib/i686-linux-android/24] ==> [D:/sdk/ndk/22.1.7171670/toolchains/llvm/prebuilt/windows-x86_64/sysroot/usr/lib/i686-linux-android/24]
  collapse library dir [D:/sdk/ndk/22.1.7171670/toolchains/llvm/prebuilt/windows-x86_64/sysroot/usr/lib/i686-linux-android] ==> [D:/sdk/ndk/22.1.7171670/toolchains/llvm/prebuilt/windows-x86_64/sysroot/usr/lib/i686-linux-android]
  collapse library dir [D:/sdk/ndk/22.1.7171670/toolchains/llvm/prebuilt/windows-x86_64/lib/gcc/i686-linux-android/4.9.x/../../../../i686-linux-android/lib] ==> [D:/sdk/ndk/22.1.7171670/toolchains/llvm/prebuilt/windows-x86_64/i686-linux-android/lib]
  collapse library dir [D:/sdk/ndk/22.1.7171670/toolchains/llvm/prebuilt/windows-x86_64/sysroot/usr/lib] ==> [D:/sdk/ndk/22.1.7171670/toolchains/llvm/prebuilt/windows-x86_64/sysroot/usr/lib]
  implicit libs: [gcc;dl;c;gcc;dl]
  implicit dirs: [D:/sdk/ndk/22.1.7171670/toolchains/llvm/prebuilt/windows-x86_64/lib64/clang/11.0.5/lib/linux/i386;D:/sdk/ndk/22.1.7171670/toolchains/llvm/prebuilt/windows-x86_64/lib/gcc/i686-linux-android/4.9.x;D:/sdk/ndk/22.1.7171670/toolchains/llvm/prebuilt/windows-x86_64/sysroot/usr/lib/i686-linux-android/24;D:/sdk/ndk/22.1.7171670/toolchains/llvm/prebuilt/windows-x86_64/sysroot/usr/lib/i686-linux-android;D:/sdk/ndk/22.1.7171670/toolchains/llvm/prebuilt/windows-x86_64/i686-linux-android/lib;D:/sdk/ndk/22.1.7171670/toolchains/llvm/prebuilt/windows-x86_64/sysroot/usr/lib]
  implicit fwks: []




Detecting C [-std=c11] compiler features compiled with the following output:
Change Dir: D:/code/demo-app/jniutils/.cxx/cmake/release/x86/CMakeFiles/CMakeTmp

Run Build Command:"D:\sdk\cmake\3.10.2.4988404\bin\ninja.exe" "cmTC_2f516"
[1/2] Building C object CMakeFiles/cmTC_2f516.dir/feature_tests.c.o
[2/2] Linking C executable cmTC_2f516


    Feature record: C_FEATURE:1c_function_prototypes
    Feature record: C_FEATURE:1c_restrict
    Feature record: C_FEATURE:1c_static_assert
    Feature record: C_FEATURE:1c_variadic_macros


Detecting C [-std=c99] compiler features compiled with the following output:
Change Dir: D:/code/demo-app/jniutils/.cxx/cmake/release/x86/CMakeFiles/CMakeTmp

Run Build Command:"D:\sdk\cmake\3.10.2.4988404\bin\ninja.exe" "cmTC_d28b6"
[1/2] Building C object CMakeFiles/cmTC_d28b6.dir/feature_tests.c.o
[2/2] Linking C executable cmTC_d28b6


    Feature record: C_FEATURE:1c_function_prototypes
    Feature record: C_FEATURE:1c_restrict
    Feature record: C_FEATURE:0c_static_assert
    Feature record: C_FEATURE:1c_variadic_macros
