The target system is: Android - 1 - aarch64
The host system is: Windows - 10.0.19042 - AMD64
Determining if the C compiler works passed with the following output:
Change Dir: D:/code/demo-app/jniutils/.cxx/cmake/release/arm64-v8a/CMakeFiles/CMakeTmp

Run Build Command:"D:\sdk\cmake\3.10.2.4988404\bin\ninja.exe" "cmTC_f5af8"
[1/2] Building C object CMakeFiles/cmTC_f5af8.dir/testCCompiler.c.o
[2/2] Linking C executable cmTC_f5af8


Detecting C compiler ABI info compiled with the following output:
Change Dir: D:/code/demo-app/jniutils/.cxx/cmake/release/arm64-v8a/CMakeFiles/CMakeTmp

Run Build Command:"D:\sdk\cmake\3.10.2.4988404\bin\ninja.exe" "cmTC_42c59"
[1/2] Building C object CMakeFiles/cmTC_42c59.dir/CMakeCCompilerABI.c.o
[2/2] Linking C executable cmTC_42c59
Android (7155654, based on r399163b1) clang version 11.0.5 (https://android.googlesource.com/toolchain/llvm-project 87f1315dfbea7c137aa2e6d362dbb457e388158d)
Target: aarch64-none-linux-android24
Thread model: posix
InstalledDir: D:\sdk\ndk\22.1.7171670\toolchains\llvm\prebuilt\windows-x86_64\bin
Found candidate GCC installation: D:/sdk/ndk/22.1.7171670/toolchains/llvm/prebuilt/windows-x86_64/lib/gcc/aarch64-linux-android\4.9.x
Selected GCC installation: D:/sdk/ndk/22.1.7171670/toolchains/llvm/prebuilt/windows-x86_64/lib/gcc/aarch64-linux-android/4.9.x
Candidate multilib: .;@m64
Selected multilib: .;@m64
 "D:\\sdk\\ndk\\22.1.7171670\\toolchains\\llvm\\prebuilt\\windows-x86_64\\bin\\ld" --sysroot=D:/sdk/ndk/22.1.7171670/toolchains/llvm/prebuilt/windows-x86_64/sysroot -pie -z noexecstack -EL --fix-cortex-a53-843419 --warn-shared-textrel -z now -z relro -z max-page-size=4096 --hash-style=gnu --enable-new-dtags --eh-frame-hdr -m aarch64linux -dynamic-linker /system/bin/linker64 -o cmTC_42c59 "D:/sdk/ndk/22.1.7171670/toolchains/llvm/prebuilt/windows-x86_64/sysroot/usr/lib/aarch64-linux-android/24\\crtbegin_dynamic.o" "-LD:\\sdk\\ndk\\22.1.7171670\\toolchains\\llvm\\prebuilt\\windows-x86_64\\lib64\\clang\\11.0.5\\lib\\linux\\aarch64" -LD:/sdk/ndk/22.1.7171670/toolchains/llvm/prebuilt/windows-x86_64/lib/gcc/aarch64-linux-android/4.9.x -LD:/sdk/ndk/22.1.7171670/toolchains/llvm/prebuilt/windows-x86_64/lib/gcc/aarch64-linux-android/4.9.x/../../../../aarch64-linux-android/lib/../lib64 -LD:/sdk/ndk/22.1.7171670/toolchains/llvm/prebuilt/windows-x86_64/sysroot/usr/lib/aarch64-linux-android/24 -LD:/sdk/ndk/22.1.7171670/toolchains/llvm/prebuilt/windows-x86_64/sysroot/usr/lib/aarch64-linux-android -LD:/sdk/ndk/22.1.7171670/toolchains/llvm/prebuilt/windows-x86_64/lib/gcc/aarch64-linux-android/4.9.x/../../../../aarch64-linux-android/lib -LD:/sdk/ndk/22.1.7171670/toolchains/llvm/prebuilt/windows-x86_64/sysroot/usr/lib --exclude-libs libgcc.a --exclude-libs libgcc_real.a --exclude-libs libatomic.a --build-id=sha1 --no-rosegment --fatal-warnings --no-undefined --gc-sections CMakeFiles/cmTC_42c59.dir/CMakeCCompilerABI.c.o -lgcc -ldl -lc -lgcc -ldl "D:/sdk/ndk/22.1.7171670/toolchains/llvm/prebuilt/windows-x86_64/sysroot/usr/lib/aarch64-linux-android/24\\crtend_android.o"


Parsed C implicit link information from above output:
  link line regex: [^( *|.*[/\])(CMAKE_LINKER-NOTFOUND|CMAKE_LINK_STARTFILE-NOTFOUND|([^/\]+-)?ld|collect2)[^/\]*( |$)]
  ignore line: [Change Dir: D:/code/demo-app/jniutils/.cxx/cmake/release/arm64-v8a/CMakeFiles/CMakeTmp]
  ignore line: []
  ignore line: [Run Build Command:"D:\sdk\cmake\3.10.2.4988404\bin\ninja.exe" "cmTC_42c59"]
  ignore line: [[1/2] Building C object CMakeFiles/cmTC_42c59.dir/CMakeCCompilerABI.c.o]
  ignore line: [[2/2] Linking C executable cmTC_42c59]
  ignore line: [Android (7155654, based on r399163b1) clang version 11.0.5 (https://android.googlesource.com/toolchain/llvm-project 87f1315dfbea7c137aa2e6d362dbb457e388158d)]
  ignore line: [Target: aarch64-none-linux-android24]
  ignore line: [Thread model: posix]
  ignore line: [InstalledDir: D:\sdk\ndk\22.1.7171670\toolchains\llvm\prebuilt\windows-x86_64\bin]
  ignore line: [Found candidate GCC installation: D:/sdk/ndk/22.1.7171670/toolchains/llvm/prebuilt/windows-x86_64/lib/gcc/aarch64-linux-android\4.9.x]
  ignore line: [Selected GCC installation: D:/sdk/ndk/22.1.7171670/toolchains/llvm/prebuilt/windows-x86_64/lib/gcc/aarch64-linux-android/4.9.x]
  ignore line: [Candidate multilib: .]
  ignore line: [@m64]
  ignore line: [Selected multilib: .]
  ignore line: [@m64]
  link line: [ "D:\\sdk\\ndk\\22.1.7171670\\toolchains\\llvm\\prebuilt\\windows-x86_64\\bin\\ld" --sysroot=D:/sdk/ndk/22.1.7171670/toolchains/llvm/prebuilt/windows-x86_64/sysroot -pie -z noexecstack -EL --fix-cortex-a53-843419 --warn-shared-textrel -z now -z relro -z max-page-size=4096 --hash-style=gnu --enable-new-dtags --eh-frame-hdr -m aarch64linux -dynamic-linker /system/bin/linker64 -o cmTC_42c59 "D:/sdk/ndk/22.1.7171670/toolchains/llvm/prebuilt/windows-x86_64/sysroot/usr/lib/aarch64-linux-android/24\\crtbegin_dynamic.o" "-LD:\\sdk\\ndk\\22.1.7171670\\toolchains\\llvm\\prebuilt\\windows-x86_64\\lib64\\clang\\11.0.5\\lib\\linux\\aarch64" -LD:/sdk/ndk/22.1.7171670/toolchains/llvm/prebuilt/windows-x86_64/lib/gcc/aarch64-linux-android/4.9.x -LD:/sdk/ndk/22.1.7171670/toolchains/llvm/prebuilt/windows-x86_64/lib/gcc/aarch64-linux-android/4.9.x/../../../../aarch64-linux-android/lib/../lib64 -LD:/sdk/ndk/22.1.7171670/toolchains/llvm/prebuilt/windows-x86_64/sysroot/usr/lib/aarch64-linux-android/24 -LD:/sdk/ndk/22.1.7171670/toolchains/llvm/prebuilt/windows-x86_64/sysroot/usr/lib/aarch64-linux-android -LD:/sdk/ndk/22.1.7171670/toolchains/llvm/prebuilt/windows-x86_64/lib/gcc/aarch64-linux-android/4.9.x/../../../../aarch64-linux-android/lib -LD:/sdk/ndk/22.1.7171670/toolchains/llvm/prebuilt/windows-x86_64/sysroot/usr/lib --exclude-libs libgcc.a --exclude-libs libgcc_real.a --exclude-libs libatomic.a --build-id=sha1 --no-rosegment --fatal-warnings --no-undefined --gc-sections CMakeFiles/cmTC_42c59.dir/CMakeCCompilerABI.c.o -lgcc -ldl -lc -lgcc -ldl "D:/sdk/ndk/22.1.7171670/toolchains/llvm/prebuilt/windows-x86_64/sysroot/usr/lib/aarch64-linux-android/24\\crtend_android.o"]
    arg [D:\\sdk\\ndk\\22.1.7171670\\toolchains\\llvm\\prebuilt\\windows-x86_64\\bin\\ld] ==> ignore
    arg [--sysroot=D:/sdk/ndk/22.1.7171670/toolchains/llvm/prebuilt/windows-x86_64/sysroot] ==> ignore
    arg [-pie] ==> ignore
    arg [-znoexecstack] ==> ignore
    arg [-EL] ==> ignore
    arg [--fix-cortex-a53-843419] ==> ignore
    arg [--warn-shared-textrel] ==> ignore
    arg [-znow] ==> ignore
    arg [-zrelro] ==> ignore
    arg [-zmax-page-size=4096] ==> ignore
    arg [--hash-style=gnu] ==> ignore
    arg [--enable-new-dtags] ==> ignore
    arg [--eh-frame-hdr] ==> ignore
    arg [-m] ==> ignore
    arg [aarch64linux] ==> ignore
    arg [-dynamic-linker] ==> ignore
    arg [/system/bin/linker64] ==> ignore
    arg [-o] ==> ignore
    arg [cmTC_42c59] ==> ignore
    arg [D:/sdk/ndk/22.1.7171670/toolchains/llvm/prebuilt/windows-x86_64/sysroot/usr/lib/aarch64-linux-android/24\\crtbegin_dynamic.o] ==> ignore
    arg [-LD:\\sdk\\ndk\\22.1.7171670\\toolchains\\llvm\\prebuilt\\windows-x86_64\\lib64\\clang\\11.0.5\\lib\\linux\\aarch64] ==> dir [D:\\sdk\\ndk\\22.1.7171670\\toolchains\\llvm\\prebuilt\\windows-x86_64\\lib64\\clang\\11.0.5\\lib\\linux\\aarch64]
    arg [-LD:/sdk/ndk/22.1.7171670/toolchains/llvm/prebuilt/windows-x86_64/lib/gcc/aarch64-linux-android/4.9.x] ==> dir [D:/sdk/ndk/22.1.7171670/toolchains/llvm/prebuilt/windows-x86_64/lib/gcc/aarch64-linux-android/4.9.x]
    arg [-LD:/sdk/ndk/22.1.7171670/toolchains/llvm/prebuilt/windows-x86_64/lib/gcc/aarch64-linux-android/4.9.x/../../../../aarch64-linux-android/lib/../lib64] ==> dir [D:/sdk/ndk/22.1.7171670/toolchains/llvm/prebuilt/windows-x86_64/lib/gcc/aarch64-linux-android/4.9.x/../../../../aarch64-linux-android/lib/../lib64]
    arg [-LD:/sdk/ndk/22.1.7171670/toolchains/llvm/prebuilt/windows-x86_64/sysroot/usr/lib/aarch64-linux-android/24] ==> dir [D:/sdk/ndk/22.1.7171670/toolchains/llvm/prebuilt/windows-x86_64/sysroot/usr/lib/aarch64-linux-android/24]
    arg [-LD:/sdk/ndk/22.1.7171670/toolchains/llvm/prebuilt/windows-x86_64/sysroot/usr/lib/aarch64-linux-android] ==> dir [D:/sdk/ndk/22.1.7171670/toolchains/llvm/prebuilt/windows-x86_64/sysroot/usr/lib/aarch64-linux-android]
    arg [-LD:/sdk/ndk/22.1.7171670/toolchains/llvm/prebuilt/windows-x86_64/lib/gcc/aarch64-linux-android/4.9.x/../../../../aarch64-linux-android/lib] ==> dir [D:/sdk/ndk/22.1.7171670/toolchains/llvm/prebuilt/windows-x86_64/lib/gcc/aarch64-linux-android/4.9.x/../../../../aarch64-linux-android/lib]
    arg [-LD:/sdk/ndk/22.1.7171670/toolchains/llvm/prebuilt/windows-x86_64/sysroot/usr/lib] ==> dir [D:/sdk/ndk/22.1.7171670/toolchains/llvm/prebuilt/windows-x86_64/sysroot/usr/lib]
    arg [--exclude-libs] ==> ignore
    arg [libgcc.a] ==> ignore
    arg [--exclude-libs] ==> ignore
    arg [libgcc_real.a] ==> ignore
    arg [--exclude-libs] ==> ignore
    arg [libatomic.a] ==> ignore
    arg [--build-id=sha1] ==> ignore
    arg [--no-rosegment] ==> ignore
    arg [--fatal-warnings] ==> ignore
    arg [--no-undefined] ==> ignore
    arg [--gc-sections] ==> ignore
    arg [CMakeFiles/cmTC_42c59.dir/CMakeCCompilerABI.c.o] ==> ignore
    arg [-lgcc] ==> lib [gcc]
    arg [-ldl] ==> lib [dl]
    arg [-lc] ==> lib [c]
    arg [-lgcc] ==> lib [gcc]
    arg [-ldl] ==> lib [dl]
    arg [D:/sdk/ndk/22.1.7171670/toolchains/llvm/prebuilt/windows-x86_64/sysroot/usr/lib/aarch64-linux-android/24\\crtend_android.o] ==> ignore
  collapse library dir [D:\\sdk\\ndk\\22.1.7171670\\toolchains\\llvm\\prebuilt\\windows-x86_64\\lib64\\clang\\11.0.5\\lib\\linux\\aarch64] ==> [D:/sdk/ndk/22.1.7171670/toolchains/llvm/prebuilt/windows-x86_64/lib64/clang/11.0.5/lib/linux/aarch64]
  collapse library dir [D:/sdk/ndk/22.1.7171670/toolchains/llvm/prebuilt/windows-x86_64/lib/gcc/aarch64-linux-android/4.9.x] ==> [D:/sdk/ndk/22.1.7171670/toolchains/llvm/prebuilt/windows-x86_64/lib/gcc/aarch64-linux-android/4.9.x]
  collapse library dir [D:/sdk/ndk/22.1.7171670/toolchains/llvm/prebuilt/windows-x86_64/lib/gcc/aarch64-linux-android/4.9.x/../../../../aarch64-linux-android/lib/../lib64] ==> [D:/sdk/ndk/22.1.7171670/toolchains/llvm/prebuilt/windows-x86_64/aarch64-linux-android/lib64]
  collapse library dir [D:/sdk/ndk/22.1.7171670/toolchains/llvm/prebuilt/windows-x86_64/sysroot/usr/lib/aarch64-linux-android/24] ==> [D:/sdk/ndk/22.1.7171670/toolchains/llvm/prebuilt/windows-x86_64/sysroot/usr/lib/aarch64-linux-android/24]
  collapse library dir [D:/sdk/ndk/22.1.7171670/toolchains/llvm/prebuilt/windows-x86_64/sysroot/usr/lib/aarch64-linux-android] ==> [D:/sdk/ndk/22.1.7171670/toolchains/llvm/prebuilt/windows-x86_64/sysroot/usr/lib/aarch64-linux-android]
  collapse library dir [D:/sdk/ndk/22.1.7171670/toolchains/llvm/prebuilt/windows-x86_64/lib/gcc/aarch64-linux-android/4.9.x/../../../../aarch64-linux-android/lib] ==> [D:/sdk/ndk/22.1.7171670/toolchains/llvm/prebuilt/windows-x86_64/aarch64-linux-android/lib]
  collapse library dir [D:/sdk/ndk/22.1.7171670/toolchains/llvm/prebuilt/windows-x86_64/sysroot/usr/lib] ==> [D:/sdk/ndk/22.1.7171670/toolchains/llvm/prebuilt/windows-x86_64/sysroot/usr/lib]
  implicit libs: [gcc;dl;c;gcc;dl]
  implicit dirs: [D:/sdk/ndk/22.1.7171670/toolchains/llvm/prebuilt/windows-x86_64/lib64/clang/11.0.5/lib/linux/aarch64;D:/sdk/ndk/22.1.7171670/toolchains/llvm/prebuilt/windows-x86_64/lib/gcc/aarch64-linux-android/4.9.x;D:/sdk/ndk/22.1.7171670/toolchains/llvm/prebuilt/windows-x86_64/aarch64-linux-android/lib64;D:/sdk/ndk/22.1.7171670/toolchains/llvm/prebuilt/windows-x86_64/sysroot/usr/lib/aarch64-linux-android/24;D:/sdk/ndk/22.1.7171670/toolchains/llvm/prebuilt/windows-x86_64/sysroot/usr/lib/aarch64-linux-android;D:/sdk/ndk/22.1.7171670/toolchains/llvm/prebuilt/windows-x86_64/aarch64-linux-android/lib;D:/sdk/ndk/22.1.7171670/toolchains/llvm/prebuilt/windows-x86_64/sysroot/usr/lib]
  implicit fwks: []




Detecting C [-std=c11] compiler features compiled with the following output:
Change Dir: D:/code/demo-app/jniutils/.cxx/cmake/release/arm64-v8a/CMakeFiles/CMakeTmp

Run Build Command:"D:\sdk\cmake\3.10.2.4988404\bin\ninja.exe" "cmTC_11e2c"
[1/2] Building C object CMakeFiles/cmTC_11e2c.dir/feature_tests.c.o
[2/2] Linking C executable cmTC_11e2c


    Feature record: C_FEATURE:1c_function_prototypes
    Feature record: C_FEATURE:1c_restrict
    Feature record: C_FEATURE:1c_static_assert
    Feature record: C_FEATURE:1c_variadic_macros


Detecting C [-std=c99] compiler features compiled with the following output:
Change Dir: D:/code/demo-app/jniutils/.cxx/cmake/release/arm64-v8a/CMakeFiles/CMakeTmp

Run Build Command:"D:\sdk\cmake\3.10.2.4988404\bin\ninja.exe" "cmTC_43bed"
[1/2] Building C object CMakeFiles/cmTC_43bed.dir/feature_tests.c.o
[2/2] Linking C executable cmTC_43bed


    Feature record: C_FEATURE:1c_function_prototypes
    Feature record: C_FEATURE:1c_restrict
    Feature record: C_FEATURE:0c_static_assert
    Feature record: C_FEATURE:1c_variadic_macros


Detecting C [-std=c90] compiler features compiled with the following output:
Change Dir: D:/code/demo-app/jniutils/.cxx/cmake/release/arm64-v8a/CMakeFiles/CMakeTmp

Run Build Command:"D:\sdk\cmake\3.10.2.4988404\bin\ninja.exe" "cmTC_3f617"
[1/2] Building C object CMakeFiles/cmTC_3f617.dir/feature_tests.c.o
[2/2] Linking C executable cmTC_3f617


    Feature record: C_FEATURE:1c_function_prototypes
    Feature record: C_FEATURE:0c_restrict
    Feature record: C_FEATURE:0c_static_assert
    Feature record: C_FEATURE:0c_variadic_macros
